<?xml version="1.0" encoding="UTF-8"?>
<testng-results ignored="0" total="3" passed="3" failed="0" skipped="0">
  <reporter-output>
  </reporter-output>
  <suite started-at="2023-04-27T13:37:12 IST" name="Default suite" finished-at="2023-04-27T13:37:22 IST" duration-ms="9750">
    <groups>
    </groups>
    <test started-at="2023-04-27T13:37:12 IST" name="Default test" finished-at="2023-04-27T13:37:22 IST" duration-ms="9750">
      <class name="com.demo.D03_SeleniumTest">
        <test-method is-config="true" signature="createDriver()[pri:0, instance:com.demo.D03_SeleniumTest@3ee37e5a]" started-at="2023-04-27T13:37:12 IST" name="createDriver" finished-at="2023-04-27T13:37:13 IST" duration-ms="896" status="PASS">
          <reporter-output>
          </reporter-output>
        </test-method> <!-- createDriver -->
        <test-method signature="shouldAddNums()[pri:0, instance:com.demo.D03_SeleniumTest@3ee37e5a]" started-at="2023-04-27T13:37:13 IST" name="shouldAddNums" finished-at="2023-04-27T13:37:15 IST" duration-ms="2631" status="PASS">
          <reporter-output>
          </reporter-output>
        </test-method> <!-- shouldAddNums -->
        <test-method is-config="true" signature="beforeEnd()[pri:0, instance:com.demo.D03_SeleniumTest@3ee37e5a]" started-at="2023-04-27T13:37:15 IST" name="beforeEnd" finished-at="2023-04-27T13:37:15 IST" duration-ms="0" status="PASS">
          <reporter-output>
          </reporter-output>
        </test-method> <!-- beforeEnd -->
        <test-method is-config="true" signature="createDriver()[pri:0, instance:com.demo.D03_SeleniumTest@3ee37e5a]" started-at="2023-04-27T13:37:15 IST" name="createDriver" finished-at="2023-04-27T13:37:16 IST" duration-ms="413" status="PASS">
          <reporter-output>
          </reporter-output>
        </test-method> <!-- createDriver -->
        <test-method signature="shouldMulNums()[pri:0, instance:com.demo.D03_SeleniumTest@3ee37e5a]" started-at="2023-04-27T13:37:16 IST" name="shouldMulNums" finished-at="2023-04-27T13:37:19 IST" duration-ms="2757" status="PASS">
          <reporter-output>
          </reporter-output>
        </test-method> <!-- shouldMulNums -->
        <test-method is-config="true" signature="beforeEnd()[pri:0, instance:com.demo.D03_SeleniumTest@3ee37e5a]" started-at="2023-04-27T13:37:19 IST" name="beforeEnd" finished-at="2023-04-27T13:37:19 IST" duration-ms="0" status="PASS">
          <reporter-output>
          </reporter-output>
        </test-method> <!-- beforeEnd -->
        <test-method is-config="true" signature="createDriver()[pri:0, instance:com.demo.D03_SeleniumTest@3ee37e5a]" started-at="2023-04-27T13:37:19 IST" name="createDriver" finished-at="2023-04-27T13:37:19 IST" duration-ms="620" status="PASS">
          <reporter-output>
          </reporter-output>
        </test-method> <!-- createDriver -->
        <test-method signature="shouldOpenWebPage()[pri:0, instance:com.demo.D03_SeleniumTest@3ee37e5a]" started-at="2023-04-27T13:37:19 IST" name="shouldOpenWebPage" finished-at="2023-04-27T13:37:22 IST" duration-ms="2392" status="PASS">
          <reporter-output>
          </reporter-output>
        </test-method> <!-- shouldOpenWebPage -->
        <test-method is-config="true" signature="beforeEnd()[pri:0, instance:com.demo.D03_SeleniumTest@3ee37e5a]" started-at="2023-04-27T13:37:22 IST" name="beforeEnd" finished-at="2023-04-27T13:37:22 IST" duration-ms="0" status="PASS">
          <reporter-output>
          </reporter-output>
        </test-method> <!-- beforeEnd -->
      </class> <!-- com.demo.D03_SeleniumTest -->
    </test> <!-- Default test -->
  </suite> <!-- Default suite -->
</testng-results>
