<?xml version="1.0" encoding="UTF-8"?>
<!-- Generated by org.testng.reporters.JUnitXMLReporter -->
<testsuite ignored="0" hostname="jaivik-pc" failures="0" tests="3" name="Default test" time="9.75" errors="0" timestamp="2023-04-27T13:37:22 IST">
  <testcase classname="com.demo.D03_SeleniumTest" name="shouldAddNums" time="2.631"/>
  <testcase classname="com.demo.D03_SeleniumTest" name="shouldMulNums" time="2.757"/>
  <testcase classname="com.demo.D03_SeleniumTest" name="shouldOpenWebPage" time="2.392"/>
</testsuite> <!-- Default test -->
